time="2022-12-27T17:49:42+03:00" level=info msg="Create router" func="main.main()" file="app.go:15"
time="2022-12-27T17:49:42+03:00" level=info msg="register user new handler" func="main.main()" file="app.go:19"
time="2022-12-27T17:53:17+03:00" level=info msg="Create router" func="main.main()" file="app.go:14"
time="2022-12-27T17:53:17+03:00" level=info msg="register user new handler" func="main.main()" file="app.go:17"
time="2022-12-27T17:53:17+03:00" level=info msg="start application" func="main.start()" file="app.go:26"
time="2022-12-27T17:53:17+03:00" level=info msg="server is listening port 1234" func="main.start()" file="app.go:39"
time="2022-12-28T16:51:44+03:00" level=info msg="Create router" func="main.main()" file="app.go:19"
time="2022-12-28T16:51:44+03:00" level=info msg="read application configuration" func="rest-api-tutorial/internal/config.GetConfig.func1()" file="config.go:24"
time="2022-12-28T16:51:44+03:00" level=info msg="register user new handler" func="main.main()" file="app.go:24"
time="2022-12-28T16:51:44+03:00" level=info msg="start application" func="main.start()" file="app.go:33"
time="2022-12-28T16:51:44+03:00" level=info msg="listen tcp" func="main.start()" file="app.go:50"
time="2022-12-28T16:51:44+03:00" level=info msg="server is listening port 0.0.0.0:1000" func="main.start()" file="app.go:64"
time="2022-12-28T16:51:54+03:00" level=info msg="Create router" func="main.main()" file="app.go:19"
time="2022-12-28T16:51:54+03:00" level=info msg="read application configuration" func="rest-api-tutorial/internal/config.GetConfig.func1()" file="config.go:24"
time="2022-12-28T16:51:54+03:00" level=info msg="register user new handler" func="main.main()" file="app.go:24"
time="2022-12-28T16:51:54+03:00" level=info msg="start application" func="main.start()" file="app.go:33"
time="2022-12-28T16:51:54+03:00" level=info msg="listen tcp" func="main.start()" file="app.go:50"
time="2022-12-28T16:51:54+03:00" level=info msg="server is listening port 0.0.0.0:1000" func="main.start()" file="app.go:64"
time="2022-12-28T16:52:04+03:00" level=info msg="Create router" func="main.main()" file="app.go:19"
time="2022-12-28T16:52:04+03:00" level=info msg="read application configuration" func="rest-api-tutorial/internal/config.GetConfig.func1()" file="config.go:24"
time="2022-12-28T16:52:04+03:00" level=info msg="register user new handler" func="main.main()" file="app.go:24"
time="2022-12-28T16:52:04+03:00" level=info msg="start application" func="main.start()" file="app.go:33"
time="2022-12-28T16:52:04+03:00" level=info msg="listen tcp" func="main.start()" file="app.go:50"
time="2022-12-28T16:52:04+03:00" level=info msg="server is listening port 0.0.0.0:1000" func="main.start()" file="app.go:64"
time="2022-12-28T16:57:26+03:00" level=info msg="Create router" func="main.main()" file="app.go:19"
time="2022-12-28T16:57:26+03:00" level=info msg="read application configuration" func="rest-api-tutorial/internal/config.GetConfig.func1()" file="config.go:24"
time="2022-12-28T16:57:26+03:00" level=info msg="register user new handler" func="main.main()" file="app.go:24"
time="2022-12-28T16:57:26+03:00" level=info msg="start application" func="main.start()" file="app.go:33"
time="2022-12-28T16:57:26+03:00" level=info msg="create socket" func="main.start()" file="app.go:43"
time="2022-12-28T16:57:26+03:00" level=debug msg="socket path: /private/var/folders/vl/ptr9mwg51yq8jzwyp7z6_kr00000gp/T/GoLand/app.soc k" func="main.start()" file="app.go:45"
time="2022-12-28T16:57:26+03:00" level=info msg="listen unix socket" func="main.start()" file="app.go:47"
time="2022-12-28T16:57:26+03:00" level=info msg="server is listening port :" func="main.start()" file="app.go:64"
time="2022-12-28T17:01:35+03:00" level=info msg="Create router" func="main.main()" file="app.go:19"
time="2022-12-28T17:01:35+03:00" level=info msg="read application configuration" func="rest-api-tutorial/internal/config.GetConfig.func1()" file="config.go:24"
time="2022-12-28T17:01:35+03:00" level=info msg="register user new handler" func="main.main()" file="app.go:24"
time="2022-12-28T17:01:35+03:00" level=info msg="start application" func="main.start()" file="app.go:33"
time="2022-12-28T17:01:35+03:00" level=info msg="create socket" func="main.start()" file="app.go:43"
time="2022-12-28T17:01:35+03:00" level=debug msg="socket path: /private/var/folders/vl/ptr9mwg51yq8jzwyp7z6_kr00000gp/T/GoLand/app.sock" func="main.start()" file="app.go:45"
time="2022-12-28T17:01:35+03:00" level=info msg="listen unix socket" func="main.start()" file="app.go:47"
time="2022-12-28T17:01:35+03:00" level=info msg="server is listening port :" func="main.start()" file="app.go:64"
time="2022-12-28T17:04:14+03:00" level=info msg="Create router" func="main.main()" file="app.go:19"
time="2022-12-28T17:04:14+03:00" level=info msg="read application configuration" func="rest-api-tutorial/internal/config.GetConfig.func1()" file="config.go:24"
time="2022-12-28T17:04:14+03:00" level=info msg="register user new handler" func="main.main()" file="app.go:24"
time="2022-12-28T17:04:14+03:00" level=info msg="start application" func="main.start()" file="app.go:33"
time="2022-12-28T17:04:14+03:00" level=info msg="create app path" func="main.start()" file="app.go:39"
time="2022-12-28T17:04:14+03:00" level=info msg="create socket" func="main.start()" file="app.go:44"
time="2022-12-28T17:04:14+03:00" level=info msg="listen unix socket" func="main.start()" file="app.go:47"
time="2022-12-28T17:04:14+03:00" level=info msg="server is listening unix socket: /Users/aromashov/GolandProjects/rest-api-tutorial/build/app.sock" func="main.start()" file="app.go:49"
time="2023-01-01T21:18:43+03:00" level=info msg="Create router" func="main.main()" file="app.go:22"
time="2023-01-01T21:18:43+03:00" level=info msg="read application configuration" func="rest-api-tutorial/internal/config.GetConfig.func1()" file="config.go:33"
time="2023-01-01T21:19:13+03:00" level=debug msg="create user" func="rest-api-tutorial/internal/user/db.(*db).Create()" file="mongodb.go:20"
time="2023-01-01T21:20:43+03:00" level=info msg="Create router" func="main.main()" file="app.go:22"
time="2023-01-01T21:20:43+03:00" level=info msg="read application configuration" func="rest-api-tutorial/internal/config.GetConfig.func1()" file="config.go:33"
time="2023-01-01T21:21:58+03:00" level=debug msg="create user" func="rest-api-tutorial/internal/user/db.(*db).Create()" file="mongodb.go:20"
time="2023-01-03T16:46:45+03:00" level=info msg="Create router" func="main.main()" file="app.go:22"
time="2023-01-03T16:46:45+03:00" level=info msg="read application configuration" func="rest-api-tutorial/internal/config.GetConfig.func1()" file="config.go:33"
time="2023-01-03T16:47:22+03:00" level=debug msg="create user" func="rest-api-tutorial/internal/user/db.(*db).Create()" file="mongodb.go:20"
time="2023-01-03T16:47:22+03:00" level=debug msg="convert InsertedID to ObjectID" func="rest-api-tutorial/internal/user/db.(*db).Create()" file="mongodb.go:26"
time="2023-01-03T17:26:14+03:00" level=info msg="Create router" func="main.main()" file="app.go:22"
time="2023-01-03T17:26:14+03:00" level=info msg="read application configuration" func="rest-api-tutorial/internal/config.GetConfig.func1()" file="config.go:33"
time="2023-01-03T17:26:14+03:00" level=debug msg="create user" func="rest-api-tutorial/internal/user/db.(*db).Create()" file="mongodb.go:20"
time="2023-01-03T17:26:14+03:00" level=debug msg="convert InsertedID to ObjectID" func="rest-api-tutorial/internal/user/db.(*db).Create()" file="mongodb.go:26"
time="2023-01-03T17:26:14+03:00" level=info msg=63b43b06c6990840993c52c4 func="main.main()" file="app.go:46"
time="2023-01-03T17:26:14+03:00" level=debug msg="create user" func="rest-api-tutorial/internal/user/db.(*db).Create()" file="mongodb.go:20"
time="2023-01-03T17:26:14+03:00" level=debug msg="convert InsertedID to ObjectID" func="rest-api-tutorial/internal/user/db.(*db).Create()" file="mongodb.go:26"
time="2023-01-03T17:26:14+03:00" level=info msg=63b43b06c6990840993c52c5 func="main.main()" file="app.go:59"
time="2023-01-03T17:26:14+03:00" level=info msg="{63b43b06c6990840993c52c5 amromashov@gmail.com root pook}" func="main.main()" file="app.go:65"
time="2023-01-03T17:26:14+03:00" level=trace msg="Matched %d documents and Modified %d documents1 1" func="rest-api-tutorial/internal/user/db.(*db).Update()" file="mongodb.go:92"
time="2023-01-03T17:26:14+03:00" level=trace msg="Delete 1 documents" func="rest-api-tutorial/internal/user/db.(*db).Delete()" file="mongodb.go:112"
time="2023-01-03T17:27:20+03:00" level=info msg="Create router" func="main.main()" file="app.go:22"
time="2023-01-03T17:27:20+03:00" level=info msg="read application configuration" func="rest-api-tutorial/internal/config.GetConfig.func1()" file="config.go:33"
time="2023-01-03T17:27:30+03:00" level=debug msg="create user" func="rest-api-tutorial/internal/user/db.(*db).Create()" file="mongodb.go:20"
time="2023-01-03T17:27:30+03:00" level=debug msg="convert InsertedID to ObjectID" func="rest-api-tutorial/internal/user/db.(*db).Create()" file="mongodb.go:26"
time="2023-01-03T17:27:38+03:00" level=info msg=63b43b5200ed9d122807a25c func="main.main()" file="app.go:46"
time="2023-01-03T17:27:47+03:00" level=debug msg="create user" func="rest-api-tutorial/internal/user/db.(*db).Create()" file="mongodb.go:20"
time="2023-01-03T17:27:47+03:00" level=debug msg="convert InsertedID to ObjectID" func="rest-api-tutorial/internal/user/db.(*db).Create()" file="mongodb.go:26"
time="2023-01-03T17:28:06+03:00" level=info msg=63b43b6300ed9d122807a25d func="main.main()" file="app.go:59"
time="2023-01-03T17:28:19+03:00" level=info msg="{63b43b6300ed9d122807a25d amromashov@gmail.com root pook}" func="main.main()" file="app.go:65"
time="2023-01-03T17:29:14+03:00" level=trace msg="Matched %d documents and Modified %d documents1 1" func="rest-api-tutorial/internal/user/db.(*db).Update()" file="mongodb.go:92"
time="2023-01-03T17:29:14+03:00" level=trace msg="Delete 1 documents" func="rest-api-tutorial/internal/user/db.(*db).Delete()" file="mongodb.go:112"
time="2023-01-03T17:30:17+03:00" level=info msg="Create router" func="main.main()" file="app.go:22"
time="2023-01-03T17:30:17+03:00" level=info msg="read application configuration" func="rest-api-tutorial/internal/config.GetConfig.func1()" file="config.go:33"
time="2023-01-03T17:30:24+03:00" level=debug msg="create user" func="rest-api-tutorial/internal/user/db.(*db).Create()" file="mongodb.go:20"
time="2023-01-03T17:30:24+03:00" level=debug msg="convert InsertedID to ObjectID" func="rest-api-tutorial/internal/user/db.(*db).Create()" file="mongodb.go:26"
time="2023-01-03T17:30:25+03:00" level=info msg=63b43c00a9ff462589b597ff func="main.main()" file="app.go:46"
time="2023-01-03T17:30:29+03:00" level=debug msg="create user" func="rest-api-tutorial/internal/user/db.(*db).Create()" file="mongodb.go:20"
time="2023-01-03T17:30:29+03:00" level=debug msg="convert InsertedID to ObjectID" func="rest-api-tutorial/internal/user/db.(*db).Create()" file="mongodb.go:26"
time="2023-01-03T17:30:30+03:00" level=info msg=63b43c05a9ff462589b59800 func="main.main()" file="app.go:59"
time="2023-01-03T17:30:41+03:00" level=info msg="{63b43c05a9ff462589b59800 amromashov@gmail.com root pook}" func="main.main()" file="app.go:65"
time="2023-01-03T17:30:51+03:00" level=trace msg="Matched %d documents and Modified %d documents1 1" func="rest-api-tutorial/internal/user/db.(*db).Update()" file="mongodb.go:92"
time="2023-01-03T17:31:04+03:00" level=trace msg="Delete 1 documents" func="rest-api-tutorial/internal/user/db.(*db).Delete()" file="mongodb.go:112"
time="2023-01-03T18:02:58+03:00" level=info msg="Create router" func="main.main()" file="app.go:22"
time="2023-01-03T18:02:58+03:00" level=info msg="read application configuration" func="rest-api-tutorial/internal/config.GetConfig.func1()" file="config.go:33"
time="2023-01-03T18:03:32+03:00" level=info msg="Create router" func="main.main()" file="app.go:22"
time="2023-01-03T18:03:32+03:00" level=info msg="read application configuration" func="rest-api-tutorial/internal/config.GetConfig.func1()" file="config.go:33"
time="2023-01-03T18:03:35+03:00" level=info msg="Create router" func="main.main()" file="app.go:22"
time="2023-01-03T18:03:35+03:00" level=info msg="read application configuration" func="rest-api-tutorial/internal/config.GetConfig.func1()" file="config.go:33"
time="2023-01-03T18:04:14+03:00" level=info msg="Create router" func="main.main()" file="app.go:22"
time="2023-01-03T18:04:14+03:00" level=info msg="read application configuration" func="rest-api-tutorial/internal/config.GetConfig.func1()" file="config.go:33"
time="2023-01-03T18:05:50+03:00" level=info msg="Create router" func="main.main()" file="app.go:22"
time="2023-01-03T18:05:50+03:00" level=info msg="read application configuration" func="rest-api-tutorial/internal/config.GetConfig.func1()" file="config.go:33"
time="2023-01-03T18:05:50+03:00" level=info msg="register user new handler" func="main.main()" file="app.go:38"
time="2023-01-03T18:05:50+03:00" level=info msg="start application" func="main.start()" file="app.go:47"
time="2023-01-03T18:05:50+03:00" level=info msg="create app path" func="main.start()" file="app.go:53"
time="2023-01-03T18:05:50+03:00" level=info msg="create socket" func="main.start()" file="app.go:58"
time="2023-01-03T18:05:50+03:00" level=info msg="listen unix socket" func="main.start()" file="app.go:61"
time="2023-01-03T18:05:50+03:00" level=info msg="server is listening unix socket: /Users/aromashov/GolandProjects/rest-api-tutorial/build/app.sock" func="main.start()" file="app.go:63"
time="2023-01-03T18:05:50+03:00" level=fatal msg="listen unix /Users/aromashov/GolandProjects/rest-api-tutorial/build/app.sock: bind: address already in use" func="main.start()" file="app.go:73"
